{"/Users/Vincent/Projects/AccesTech/contributions/vue-swal2/src/index.ts": {"path":"/Users/Vincent/Projects/AccesTech/contributions/vue-swal2/src/index.ts","statementMap":{"0":{"start":{"line":4,"column":0},"end":{"line":4,"column":51}},"1":{"start":{"line":24,"column":0},"end":{"line":24,"column":null}},"2":{"start":{"line":25,"column":11},"end":{"line":74,"column":null}},"3":{"start":{"line":27,"column":29},"end":{"line":27,"column":36}},"4":{"start":{"line":28,"column":40},"end":{"line":28,"column":45}},"5":{"start":{"line":30,"column":8},"end":{"line":35,"column":null}},"6":{"start":{"line":31,"column":12},"end":{"line":31,"column":null}},"7":{"start":{"line":32,"column":12},"end":{"line":32,"column":null}},"8":{"start":{"line":33,"column":12},"end":{"line":33,"column":null}},"9":{"start":{"line":34,"column":12},"end":{"line":34,"column":null}},"10":{"start":{"line":37,"column":29},"end":{"line":51,"column":9}},"11":{"start":{"line":37,"column":30},"end":{"line":37,"column":62}},"12":{"start":{"line":39,"column":12},"end":{"line":42,"column":null}},"13":{"start":{"line":40,"column":16},"end":{"line":40,"column":null}},"14":{"start":{"line":41,"column":16},"end":{"line":41,"column":null}},"15":{"start":{"line":44,"column":12},"end":{"line":48,"column":null}},"16":{"start":{"line":45,"column":30},"end":{"line":45,"column":49}},"17":{"start":{"line":47,"column":16},"end":{"line":47,"column":53}},"18":{"start":{"line":50,"column":12},"end":{"line":50,"column":47}},"19":{"start":{"line":55,"column":8},"end":{"line":66,"column":null}},"20":{"start":{"line":56,"column":12},"end":{"line":65,"column":null}},"21":{"start":{"line":60,"column":16},"end":{"line":64,"column":31}},"22":{"start":{"line":61,"column":20},"end":{"line":63,"column":22}},"23":{"start":{"line":61,"column":28},"end":{"line":61,"column":42}},"24":{"start":{"line":62,"column":24},"end":{"line":62,"column":62}},"25":{"start":{"line":68,"column":8},"end":{"line":68,"column":35}},"26":{"start":{"line":71,"column":8},"end":{"line":73,"column":null}},"27":{"start":{"line":72,"column":12},"end":{"line":72,"column":53}},"28":{"start":{"line":75,"column":0},"end":{"line":75,"column":null}},"29":{"start":{"line":77,"column":0},"end":{"line":77,"column":30}}},"fnMap":{"0":{"name":"(anonymous_1)","decl":{"start":{"line":24,"column":0},"end":{"line":24,"column":null}},"loc":{"start":{"line":24,"column":0},"end":{"line":75,"column":null}}},"1":{"name":"(anonymous_3)","decl":{"start":{"line":25,"column":4},"end":{"line":25,"column":11}},"loc":{"start":{"line":25,"column":66},"end":{"line":74,"column":5}}},"2":{"name":"(anonymous_4)","decl":{"start":{"line":37,"column":29},"end":{"line":37,"column":30}},"loc":{"start":{"line":37,"column":29},"end":{"line":51,"column":9}}},"3":{"name":"(anonymous_5)","decl":{"start":{"line":60,"column":44},"end":{"line":60,"column":50}},"loc":{"start":{"line":60,"column":50},"end":{"line":64,"column":17}}},"4":{"name":"(anonymous_6)","decl":{"start":{"line":61,"column":27},"end":{"line":61,"column":28}},"loc":{"start":{"line":61,"column":27},"end":{"line":63,"column":21}}}},"branchMap":{"0":{"loc":{"start":{"line":30,"column":8},"end":{"line":35,"column":null}},"type":"if","locations":[{"start":{"line":30,"column":8},"end":{"line":35,"column":null}},{"start":{"line":30,"column":8},"end":{"line":35,"column":null}}]},"1":{"loc":{"start":{"line":39,"column":12},"end":{"line":42,"column":null}},"type":"if","locations":[{"start":{"line":39,"column":12},"end":{"line":42,"column":null}},{"start":{"line":39,"column":12},"end":{"line":42,"column":null}}]},"2":{"loc":{"start":{"line":39,"column":16},"end":{"line":39,"column":32}},"type":"binary-expr","locations":[{"start":{"line":39,"column":16},"end":{"line":39,"column":32}},{"start":{"line":39,"column":36},"end":{"line":39,"column":89}}]},"3":{"loc":{"start":{"line":44,"column":12},"end":{"line":48,"column":null}},"type":"if","locations":[{"start":{"line":44,"column":12},"end":{"line":48,"column":null}},{"start":{"line":44,"column":12},"end":{"line":48,"column":null}}]},"4":{"loc":{"start":{"line":56,"column":12},"end":{"line":65,"column":null}},"type":"if","locations":[{"start":{"line":56,"column":12},"end":{"line":65,"column":null}},{"start":{"line":56,"column":12},"end":{"line":65,"column":null}}]},"5":{"loc":{"start":{"line":57,"column":16},"end":{"line":57,"column":70}},"type":"binary-expr","locations":[{"start":{"line":57,"column":16},"end":{"line":57,"column":70}},{"start":{"line":58,"column":16},"end":{"line":58,"column":54}}]},"6":{"loc":{"start":{"line":71,"column":8},"end":{"line":73,"column":null}},"type":"if","locations":[{"start":{"line":71,"column":8},"end":{"line":73,"column":null}},{"start":{"line":71,"column":8},"end":{"line":73,"column":null}}]}},"s":{"0":1,"1":1,"2":1,"3":8,"4":8,"5":8,"6":2,"7":2,"8":2,"9":2,"10":8,"11":9,"12":3,"13":1,"14":1,"15":3,"16":1,"17":1,"18":2,"19":8,"20":448,"21":432,"22":432,"23":3,"24":1,"25":8,"26":8,"27":8,"28":1,"29":1},"f":{"0":1,"1":8,"2":3,"3":432,"4":1},"b":{"0":[2,6],"1":[1,2],"2":[3,1],"3":[1,2],"4":[432,16],"5":[448,448],"6":[8,0]}}
}
