TN:
SF:/Users/Vincent/Projects/AccesTech/contributions/vue-swal2/src/index.ts
FN:24,(anonymous_1)
FN:25,(anonymous_3)
FN:37,(anonymous_4)
FN:60,(anonymous_5)
FN:61,(anonymous_6)
FNF:5
FNH:5
FNDA:1,(anonymous_1)
FNDA:8,(anonymous_3)
FNDA:3,(anonymous_4)
FNDA:432,(anonymous_5)
FNDA:1,(anonymous_6)
DA:4,1
DA:24,1
DA:25,1
DA:27,8
DA:28,8
DA:30,8
DA:31,2
DA:32,2
DA:33,2
DA:34,2
DA:37,9
DA:39,3
DA:40,1
DA:41,1
DA:44,3
DA:45,1
DA:47,1
DA:50,2
DA:55,8
DA:56,448
DA:60,432
DA:61,432
DA:62,1
DA:68,8
DA:71,8
DA:72,8
DA:75,1
DA:77,1
LF:28
LH:28
BRDA:30,0,0,2
BRDA:30,0,1,6
BRDA:39,1,0,1
BRDA:39,1,1,2
BRDA:39,2,0,3
BRDA:39,2,1,1
BRDA:44,3,0,1
BRDA:44,3,1,2
BRDA:56,4,0,432
BRDA:56,4,1,16
BRDA:57,5,0,448
BRDA:57,5,1,448
BRDA:71,6,0,8
BRDA:71,6,1,0
BRF:14
BRH:13
end_of_record
